Arguments: 
  /usr/local/bin/node /usr/local/Cellar/yarn/1.15.2/libexec/bin/yarn.js install

PATH: 
  /Users/gerson/miniconda3/bin:/usr/local/opt/python/libexec/bin:/usr/local/bin:/usr/bin:/bin:/usr/sbin:/sbin:/Volumes/Storage/Projects/GeekAdvice/todo/node_modules/.bin:/Users/gerson/Library/Android/sdk/emulator:/Users/gerson/Library/Android/sdk/tools:/Users/gerson/Library/Android/sdk/tools/bin:/Users/gerson/Library/Android/sdk/platform-tools

Yarn version: 
  1.15.2

Node version: 
  10.15.1

Platform: 
  darwin x64

Trace: 
  SyntaxError: /Volumes/Storage/Projects/GeekAdvice/todo/package.json: Unexpected token } in JSON at position 672
      at JSON.parse (<anonymous>)
      at /usr/local/Cellar/yarn/1.15.2/libexec/lib/cli.js:1625:59
      at Generator.next (<anonymous>)
      at step (/usr/local/Cellar/yarn/1.15.2/libexec/lib/cli.js:304:30)
      at /usr/local/Cellar/yarn/1.15.2/libexec/lib/cli.js:315:13

npm manifest: 
  {
    "name": "todo",
    "version": "1.0.0",
    "description": "Describe todo here",
    "private": true,
    "scripts": {
      "build": "nwb build-react-app",
      "clean": "nwb clean-app",
      "start": "nwb serve-react-app",
      "test": "nwb test-react",
      "test:coverage": "nwb test-react --coverage",
      "test:watch": "nwb test-react --server"
    },
    "dependencies": {
      "react": "^16.10.2",
      "react-dom": "^16.10.2",
      "antd": "^3.20.2",
      "axios": "^0.19.0",
      "history": "latest",
      "moment": "^2.24.0",
      "prop-types": "^15.7.2",
      "react-helmet": "^5.2.1",
      "react-moment": "^0.9.2",
      "react-router": "latest",
      "react-router-dom": "^5.0.1",
    },
    "devDependencies": {
      "nwb": "0.23.x"
    },
    "author": "",
    "license": "MIT",
    "repository": ""
  }

yarn manifest: 
  No manifest

Lockfile: 
  No lockfile
